[20-Dec-2020 17:30:54] NOTICE: fpm is running, pid 1109
[20-Dec-2020 17:30:54] NOTICE: ready to handle connections
[20-Dec-2020 17:43:03] NOTICE: Terminating ...
[20-Dec-2020 17:43:03] ERROR: unable to read what child say: Bad file descriptor (9)
[20-Dec-2020 17:43:03] ERROR: unable to read what child say: Bad file descriptor (9)
[20-Dec-2020 17:43:03] NOTICE: exiting, bye-bye!
[21-Dec-2020 09:10:29] NOTICE: fpm is running, pid 4238
[21-Dec-2020 09:10:29] NOTICE: ready to handle connections
[21-Dec-2020 09:10:47] NOTICE: Terminating ...
[21-Dec-2020 09:10:47] NOTICE: exiting, bye-bye!
[21-Dec-2020 09:39:20] NOTICE: fpm is running, pid 4674
[21-Dec-2020 09:39:20] NOTICE: ready to handle connections
[21-Dec-2020 13:30:22] NOTICE: Terminating ...
[21-Dec-2020 13:30:22] NOTICE: exiting, bye-bye!
[21-Dec-2020 16:06:09] NOTICE: fpm is running, pid 7122
[21-Dec-2020 16:06:09] NOTICE: ready to handle connections
[21-Dec-2020 16:21:16] NOTICE: Terminating ...
[21-Dec-2020 16:21:16] NOTICE: exiting, bye-bye!
[21-Dec-2020 16:21:18] NOTICE: fpm is running, pid 7845
[21-Dec-2020 16:21:18] NOTICE: ready to handle connections
[22-Dec-2020 06:08:07] NOTICE: Terminating ...
[22-Dec-2020 06:08:07] NOTICE: exiting, bye-bye!
[22-Dec-2020 08:57:49] NOTICE: fpm is running, pid 12945
[22-Dec-2020 08:57:49] NOTICE: ready to handle connections
[22-Dec-2020 15:56:48] NOTICE: Terminating ...
[22-Dec-2020 15:56:48] NOTICE: exiting, bye-bye!
[22-Dec-2020 16:59:18] NOTICE: fpm is running, pid 14943
[22-Dec-2020 16:59:18] NOTICE: ready to handle connections
